Flow report for multiplexer3
Sun Apr 24 14:23:34 2022
Quartus Prime Version 17.1.0 Build 590 10/25/2017 SJ Lite Edition


---------------------
; Table of Contents ;
---------------------
  1. Legal Notice
  2. Flow Summary
  3. Flow Settings
  4. Flow Non-Default Global Settings
  5. Flow Elapsed Time
  6. Flow OS Summary
  7. Flow Log
  8. Flow Messages
  9. Flow Suppressed Messages



----------------
; Legal Notice ;
----------------
Copyright (C) 2017  Intel Corporation. All rights reserved.
Your use of Intel Corporation's design tools, logic functions 
and other software and tools, and its AMPP partner logic 
functions, and any output files from any of the foregoing 
(including device programming or simulation files), and any 
associated documentation or information are expressly subject 
to the terms and conditions of the Intel Program License 
Subscription Agreement, the Intel Quartus Prime License Agreement,
the Intel FPGA IP License Agreement, or other applicable license
agreement, including, without limitation, that your use is for
the sole purpose of programming logic devices manufactured by
Intel and sold by Intel or its authorized distributors.  Please
refer to the applicable agreement for further details.



+----------------------------------------------------------------------------------+
; Flow Summary                                                                     ;
+------------------------------------+---------------------------------------------+
; Flow Status                        ; Successful - Sun Apr 24 14:23:34 2022       ;
; Quartus Prime Version              ; 17.1.0 Build 590 10/25/2017 SJ Lite Edition ;
; Revision Name                      ; multiplexer3                                ;
; Top-level Entity Name              ; multiplexer3                                ;
; Family                             ; Cyclone IV E                                ;
; Device                             ; EP4CE30F23I7                                ;
; Timing Models                      ; Final                                       ;
; Total logic elements               ; 3 / 28,848 ( < 1 % )                        ;
;     Total combinational functions  ; 3 / 28,848 ( < 1 % )                        ;
;     Dedicated logic registers      ; 0 / 28,848 ( 0 % )                          ;
; Total registers                    ; 0                                           ;
; Total pins                         ; 10 / 329 ( 3 % )                            ;
; Total virtual pins                 ; 0                                           ;
; Total memory bits                  ; 0 / 608,256 ( 0 % )                         ;
; Embedded Multiplier 9-bit elements ; 0 / 132 ( 0 % )                             ;
; Total PLLs                         ; 0 / 4 ( 0 % )                               ;
+------------------------------------+---------------------------------------------+


+-----------------------------------------+
; Flow Settings                           ;
+-------------------+---------------------+
; Option            ; Setting             ;
+-------------------+---------------------+
; Start date & time ; 04/24/2022 14:22:52 ;
; Main task         ; Compilation         ;
; Revision Name     ; multiplexer3        ;
+-------------------+---------------------+


+-----------------------------------------------------------------------------------------------------------------------------+
; Flow Non-Default Global Settings                                                                                            ;
+-------------------------------------+----------------------------------------+---------------+-------------+----------------+
; Assignment Name                     ; Value                                  ; Default Value ; Entity Name ; Section Id     ;
+-------------------------------------+----------------------------------------+---------------+-------------+----------------+
; COMPILER_SIGNATURE_ID               ; 231453550865816.165077777210128        ; --            ; --          ; --             ;
; EDA_OUTPUT_DATA_FORMAT              ; Verilog Hdl                            ; --            ; --          ; eda_simulation ;
; EDA_SIMULATION_TOOL                 ; ModelSim-Altera (Verilog)              ; <None>        ; --          ; --             ;
; EDA_TIME_SCALE                      ; 1 ps                                   ; --            ; --          ; eda_simulation ;
; MAX_CORE_JUNCTION_TEMP              ; 100                                    ; --            ; --          ; --             ;
; MIN_CORE_JUNCTION_TEMP              ; -40                                    ; --            ; --          ; --             ;
; NOMINAL_CORE_SUPPLY_VOLTAGE         ; 1.2V                                   ; --            ; --          ; --             ;
; PARTITION_COLOR                     ; -- (Not supported for targeted family) ; --            ; --          ; Top            ;
; PARTITION_FITTER_PRESERVATION_LEVEL ; -- (Not supported for targeted family) ; --            ; --          ; Top            ;
; PARTITION_NETLIST_TYPE              ; -- (Not supported for targeted family) ; --            ; --          ; Top            ;
; PROJECT_OUTPUT_DIRECTORY            ; output_files                           ; --            ; --          ; --             ;
+-------------------------------------+----------------------------------------+---------------+-------------+----------------+


+-------------------------------------------------------------------------------------------------------------------------------+
; Flow Elapsed Time                                                                                                             ;
+---------------------------+--------------+-------------------------+---------------------+------------------------------------+
; Module Name               ; Elapsed Time ; Average Processors Used ; Peak Virtual Memory ; Total CPU Time (on all processors) ;
+---------------------------+--------------+-------------------------+---------------------+------------------------------------+
; Analysis & Synthesis      ; 00:00:19     ; 1.0                     ; 4733 MB             ; 00:00:40                           ;
; Fitter                    ; 00:00:09     ; 1.0                     ; 5274 MB             ; 00:00:11                           ;
; Assembler                 ; 00:00:02     ; 1.0                     ; 4672 MB             ; 00:00:02                           ;
; TimeQuest Timing Analyzer ; 00:00:04     ; 1.0                     ; 4749 MB             ; 00:00:04                           ;
; EDA Netlist Writer        ; 00:00:02     ; 1.0                     ; 4638 MB             ; 00:00:02                           ;
; Total                     ; 00:00:36     ; --                      ; --                  ; 00:00:59                           ;
+---------------------------+--------------+-------------------------+---------------------+------------------------------------+


+-----------------------------------------------------------------------------------------+
; Flow OS Summary                                                                         ;
+---------------------------+------------------+------------+------------+----------------+
; Module Name               ; Machine Hostname ; OS Name    ; OS Version ; Processor type ;
+---------------------------+------------------+------------+------------+----------------+
; Analysis & Synthesis      ; PC-B069          ; Windows 10 ; 10.0       ; x86_64         ;
; Fitter                    ; PC-B069          ; Windows 10 ; 10.0       ; x86_64         ;
; Assembler                 ; PC-B069          ; Windows 10 ; 10.0       ; x86_64         ;
; TimeQuest Timing Analyzer ; PC-B069          ; Windows 10 ; 10.0       ; x86_64         ;
; EDA Netlist Writer        ; PC-B069          ; Windows 10 ; 10.0       ; x86_64         ;
+---------------------------+------------------+------------+------------+----------------+


------------
; Flow Log ;
------------
quartus_map --read_settings_files=on --write_settings_files=off multiplexer3 -c multiplexer3
quartus_fit --read_settings_files=off --write_settings_files=off multiplexer3 -c multiplexer3
quartus_asm --read_settings_files=off --write_settings_files=off multiplexer3 -c multiplexer3
quartus_sta multiplexer3 -c multiplexer3
quartus_eda --read_settings_files=off --write_settings_files=off multiplexer3 -c multiplexer3



